<?xml version="1.0" encoding="UTF-8"?>
<!-- Generated by org.testng.reporters.JUnitReportReporter -->
<testsuite hostname="ShiviS-MSD" name="testCases.TC_001" tests="3" failures="0" timestamp="23 Oct 2018 06:17:47 GMT" time="61.714" errors="0">
  <testcase name="select_product" time="22.975" classname="testCases.TC_001"/>
  <testcase name="Add_address" time="16.090" classname="testCases.TC_001"/>
  <testcase name="login" time="22.649" classname="testCases.TC_001"/>
</testsuite> <!-- testCases.TC_001 -->
