<?xml version="1.0" encoding="UTF-8"?>
<!-- Generated by org.testng.reporters.JUnitReportReporter -->
<testsuite hostname="ShiviS-MSD" name="Base.base_class" tests="1" failures="0" timestamp="21 Sep 2018 10:02:08 GMT" time="2.123" errors="0">
  <testcase name="runtest" time="2.123" classname="Base.base_class"/>
</testsuite> <!-- Base.base_class -->
